2019-11-27 08:50:19,442 发送请求 INFO https://cnodejs.org/api/v1/topics 执行成功
2019-11-27 08:50:19,987 发送请求 INFO https://cnodejs.org/api/v1/topic/5433d5e4e737cbe96dcef312 执行成功
2019-11-27 08:50:20,281 发送请求 INFO https://cnodejs.org/api/v1/topic_collect/collect 执行成功
2019-11-27 08:50:20,563 发送请求 INFO https://cnodejs.org/api/v1//topic_collect/de_collect 执行成功
2019-11-27 08:50:20,916 发送请求 INFO https://cnodejs.org/api/v1/user/alsotang 执行成功
2019-11-27 08:50:21,223 发送请求 INFO https://cnodejs.org/api/v1/message/mark_all 执行成功
2019-11-27 08:50:22,345 发送请求 INFO https://www.v2ex.com/api/site/info.json 执行成功
2019-11-27 08:50:44,622 发送请求 INFO https://cnodejs.org/api/v1/topics 执行成功
2019-11-27 08:50:45,087 发送请求 INFO https://cnodejs.org/api/v1/topic/5433d5e4e737cbe96dcef312 执行成功
2019-11-27 08:50:45,433 发送请求 INFO https://cnodejs.org/api/v1/topic_collect/collect 执行成功
2019-11-27 08:50:45,765 发送请求 INFO https://cnodejs.org/api/v1//topic_collect/de_collect 执行成功
2019-11-27 08:50:46,205 发送请求 INFO https://cnodejs.org/api/v1/user/alsotang 执行成功
2019-11-27 08:50:46,587 发送请求 INFO https://cnodejs.org/api/v1/message/mark_all 执行成功
2019-11-27 08:50:47,715 发送请求 INFO https://www.v2ex.com/api/site/info.json 执行成功
2019-11-27 08:51:15,788 接口测试 INFO 邮件发送成功
2019-11-27 08:52:11,618 发送请求 INFO https://cnodejs.org/api/v1/topics 执行成功
2019-11-27 08:52:12,107 发送请求 INFO https://cnodejs.org/api/v1/topic/5433d5e4e737cbe96dcef312 执行成功
2019-11-27 08:52:12,431 发送请求 INFO https://cnodejs.org/api/v1/topic_collect/collect 执行成功
2019-11-27 08:52:12,739 发送请求 INFO https://cnodejs.org/api/v1//topic_collect/de_collect 执行成功
2019-11-27 08:52:13,159 发送请求 INFO https://cnodejs.org/api/v1/user/alsotang 执行成功
2019-11-27 08:52:13,475 发送请求 INFO https://cnodejs.org/api/v1/message/mark_all 执行成功
2019-11-27 08:52:14,655 发送请求 INFO https://www.v2ex.com/api/site/info.json 执行成功
2019-11-27 08:52:27,947 接口测试 INFO 邮件发送成功
2019-11-27 09:12:43,635 发送请求 INFO https://cnodejs.org/api/v1/topics 执行成功
2019-11-27 09:12:44,409 发送请求 INFO https://cnodejs.org/api/v1/topic/5433d5e4e737cbe96dcef312 执行成功
2019-11-27 09:12:44,983 发送请求 INFO https://cnodejs.org/api/v1/topic_collect/collect 执行成功
2019-11-27 09:12:45,572 发送请求 INFO https://cnodejs.org/api/v1//topic_collect/de_collect 执行成功
2019-11-27 09:12:46,249 发送请求 INFO https://cnodejs.org/api/v1/user/alsotang 执行成功
2019-11-27 09:12:46,802 发送请求 INFO https://cnodejs.org/api/v1/message/mark_all 执行成功
2019-11-27 12:05:46,304 发送请求 INFO https://cnodejs.org/api/v1/topics 执行成功
2019-11-27 12:05:46,866 发送请求 INFO https://cnodejs.org/api/v1/topic/5433d5e4e737cbe96dcef312 执行成功
2019-11-27 12:05:47,269 发送请求 INFO https://cnodejs.org/api/v1/topic_collect/collect 执行成功
2019-11-27 12:05:47,665 发送请求 INFO https://cnodejs.org/api/v1//topic_collect/de_collect 执行成功
2019-11-27 12:05:48,090 发送请求 INFO https://cnodejs.org/api/v1/user/alsotang 执行成功
2019-11-27 12:05:49,057 发送请求 INFO https://cnodejs.org/api/v1/message/mark_all 执行成功
2019-11-27 12:05:50,776 发送请求 INFO https://www.v2ex.com/api/site/info.json 执行成功
